Wed Jun 21 2023 23:0:20 } [CWH] error: Cast to ObjectId failed for value "{ id: '6492e731606a4794ffa9b96d' }" (type Object) at path "_id" for model "Cow"
Wed Jun 21 2023 23:9:57 } [CWH] error: cow not found !
Wed Jun 21 2023 23:31:29 } [CWH] error: Cast to ObjectId failed for value "Query {
  _mongooseOptions: {},
  _transforms: [],
  _hooks: Kareem { _pres: Map(0) {}, _posts: Map(0) {} },
  _executionStack: null,
  mongooseCollection: Collection {
    collection: Collection { s: [Object], client: [MongoClient] },
    Promise: [Function: Promise],
    modelName: 'Cow',
    _closed: false,
    opts: {
      autoIndex: true,
      autoCreate: true,
      schemaUserProvidedOptions: {},
      capped: false,
      Promise: undefined,
      '$wasForceClosed': undefined
    },
    name: 'cows',
    collectionName: 'cows',
    conn: NativeConnection {
      base: [Mongoose],
      collections: [Object],
      models: [Object],
      config: {},
      replica: false,
      options: null,
      otherDbs: [],
      relatedDbs: {},
      states: [Object: null prototype],
      _readyState: 1,
      _closeCalled: undefined,
      _hasOpened: true,
      plugins: [],
      id: 0,
      _queue: [],
      _listening: false,
      _connectionOptions: [Object],
      _connectionString: 'mongodb+srv://cow-hut:73AdasvHRutRVPDk@atlascluster.xl4pwct.mongodb.net/cow-hut?retryWrites=true&w=majority',
      client: [MongoClient],
      '$initialConnection': [Promise],
      db: [Db],
      host: 'ac-r6f1vit-shard-00-00.xl4pwct.mongodb.net',
      port: 27017,
      name: 'cow-hut'
    },
    queue: [],
    buffer: false,
    emitter: EventEmitter {
      _events: [Object: null prototype] {},
      _eventsCount: 0,
      _maxListeners: undefined,
      [Symbol(kCapture)]: false
    }
  },
  model: Model { Cow },
  schema: Schema {
    obj: {
      name: [Object],
      age: [Object],
      price: [Object],
      location: [Object],
      breed: [Object],
      weight: [Object],
      label: [Object],
      category: [Object],
      seller: [Object]
    },
    paths: {
      name: [SchemaString],
      age: [SchemaNumber],
      price: [SchemaNumber],
      location: [SchemaString],
      breed: [SchemaString],
      weight: [SchemaNumber],
      label: [SchemaString],
      category: [SchemaString],
      seller: [ObjectId],
      _id: [ObjectId],
      __v: [SchemaNumber]
    },
    aliases: {},
    subpaths: {},
    virtuals: { id: [VirtualType] },
    singleNestedPaths: {},
    nested: {},
    inherits: {},
    callQueue: [],
    _indexes: [],
    methods: {},
    methodOptions: {},
    statics: {},
    tree: {
      name: [Object],
      age: [Object],
      price: [Object],
      location: [Object],
      breed: [Object],
      weight: [Object],
      label: [Object],
      category: [Object],
      seller: [Object],
      _id: [Object],
      __v: [Function: Number],
      id: [VirtualType]
    },
    query: {},
    childSchemas: [],
    plugins: [ [Object], [Object], [Object], [Object], [Object] ],
    '$id': 2,
    mapPaths: [],
    s: { hooks: [Kareem] },
    _userProvidedOptions: {},
    options: {
      typeKey: 'type',
      id: true,
      _id: true,
      validateModifiedOnly: false,
      validateBeforeSave: true,
      read: null,
      shardKey: null,
      discriminatorKey: '__t',
      autoIndex: null,
      minimize: true,
      optimisticConcurrency: false,
      versionKey: '__v',
      capped: false,
      bufferCommands: true,
      strictQuery: false,
      strict: true,
      pluralization: true
    },
    '$globalPluginsApplied': true
  },
  op: 'findOne',
  options: {},
  _conditions: { _id: { id: '6492e731606a4794ffa9b96b' } },
  _fields: undefined,
  _updateDoc: undefined,
  _path: undefined,
  _distinctDoc: undefined,
  _collection: NodeCollection {
    collection: Collection {
      collection: [Collection],
      Promise: [Function: Promise],
      modelName: 'Cow',
      _closed: false,
      opts: [Object],
      name: 'cows',
      collectionName: 'cows',
      conn: [NativeConnection],
      queue: [],
      buffer: false,
      emitter: [EventEmitter]
    },
    collectionName: 'cows'
  },
  _traceFunction: undefined,
  '$useProjection': true
}" (type Query) at path "_id" for model "Cow"
Wed Jun 21 2023 23:58:53 } [CWH] error: Cast to ObjectId failed for value "1" (type number) at path "_id" for model "Cow"
